<?xml version="1.0" encoding="UTF-8"?>
<testsuite xmlns:xsi="http://www.w3.org/2001/XMLSchema-instance" xsi:noNamespaceSchemaLocation="https://maven.apache.org/surefire/maven-surefire-plugin/xsd/surefire-test-report.xsd" name="TestSuite" time="0.576" tests="0" errors="0" skipped="0" failures="0">
  <properties>
    <property name="java.specification.version" value="15"/>
    <property name="sun.jnu.encoding" value="UTF-8"/>
    <property name="java.class.path" value="/Users/jag22624/Desktop/git/tapis-shared-java/tapis-shared-cmd/target/test-classes:/Users/jag22624/Desktop/git/tapis-shared-java/tapis-shared-cmd/target/classes:/Users/jag22624/.m2/repository/edu/utexas/tacc/tapis/tapis-shared-lib/2.0.7/tapis-shared-lib-2.0.7.jar:/Users/jag22624/.m2/repository/edu/utexas/tacc/tapis/tenants-client/2.0.10-SNAPSHOT/tenants-client-2.0.10-SNAPSHOT.jar:/Users/jag22624/.m2/repository/edu/utexas/tacc/tapis/tokens-client/2.0.10-SNAPSHOT/tokens-client-2.0.10-SNAPSHOT.jar:/Users/jag22624/.m2/repository/edu/utexas/tacc/tapis/systems-client/2.0.10-SNAPSHOT/systems-client-2.0.10-SNAPSHOT.jar:/Users/jag22624/.m2/repository/edu/utexas/tacc/tapis/auth-client/2.0.10-SNAPSHOT/auth-client-2.0.10-SNAPSHOT.jar:/Users/jag22624/.m2/repository/edu/utexas/tacc/tapis/meta-client/2.0.10-SNAPSHOT/meta-client-2.0.10-SNAPSHOT.jar:/Users/jag22624/.m2/repository/edu/utexas/tacc/tapis/files-client/2.0.10-SNAPSHOT/files-client-2.0.10-SNAPSHOT.jar:/Users/jag22624/.m2/repository/edu/utexas/tacc/tapis/notifications-client/2.0.10-SNAPSHOT/notifications-client-2.0.10-SNAPSHOT.jar:/Users/jag22624/.m2/repository/com/fasterxml/jackson/core/jackson-databind/2.12.1/jackson-databind-2.12.1.jar:/Users/jag22624/.m2/repository/com/fasterxml/jackson/core/jackson-annotations/2.12.1/jackson-annotations-2.12.1.jar:/Users/jag22624/.m2/repository/com/fasterxml/jackson/core/jackson-core/2.12.1/jackson-core-2.12.1.jar:/Users/jag22624/.m2/repository/com/fasterxml/jackson/datatype/jackson-datatype-jsr310/2.12.1/jackson-datatype-jsr310-2.12.1.jar:/Users/jag22624/.m2/repository/ch/qos/logback/logback-classic/1.2.3/logback-classic-1.2.3.jar:/Users/jag22624/.m2/repository/ch/qos/logback/logback-core/1.2.3/logback-core-1.2.3.jar:/Users/jag22624/.m2/repository/org/slf4j/slf4j-api/1.7.25/slf4j-api-1.7.25.jar:/Users/jag22624/.m2/repository/org/apache/commons/commons-lang3/3.12.0/commons-lang3-3.12.0.jar:/Users/jag22624/.m2/repository/com/google/code/gson/gson/2.8.6/gson-2.8.6.jar:/Users/jag22624/.m2/repository/commons-io/commons-io/2.9.0/commons-io-2.9.0.jar:/Users/jag22624/.m2/repository/com/sun/mail/javax.mail/1.6.2/javax.mail-1.6.2.jar:/Users/jag22624/.m2/repository/com/github/everit-org/json-schema/org.everit.json.schema/1.12.1/org.everit.json.schema-1.12.1.jar:/Users/jag22624/.m2/repository/org/json/json/20190722/json-20190722.jar:/Users/jag22624/.m2/repository/commons-validator/commons-validator/1.6/commons-validator-1.6.jar:/Users/jag22624/.m2/repository/commons-digester/commons-digester/1.8.1/commons-digester-1.8.1.jar:/Users/jag22624/.m2/repository/commons-logging/commons-logging/1.2/commons-logging-1.2.jar:/Users/jag22624/.m2/repository/commons-collections/commons-collections/3.2.2/commons-collections-3.2.2.jar:/Users/jag22624/.m2/repository/com/damnhandy/handy-uri-templates/2.1.8/handy-uri-templates-2.1.8.jar:/Users/jag22624/.m2/repository/joda-time/joda-time/2.10.2/joda-time-2.10.2.jar:/Users/jag22624/.m2/repository/com/google/re2j/re2j/1.3/re2j-1.3.jar:/Users/jag22624/.m2/repository/com/google/guava/guava/30.0-jre/guava-30.0-jre.jar:/Users/jag22624/.m2/repository/com/google/guava/failureaccess/1.0.1/failureaccess-1.0.1.jar:/Users/jag22624/.m2/repository/com/google/guava/listenablefuture/9999.0-empty-to-avoid-conflict-with-guava/listenablefuture-9999.0-empty-to-avoid-conflict-with-guava.jar:/Users/jag22624/.m2/repository/org/checkerframework/checker-qual/3.5.0/checker-qual-3.5.0.jar:/Users/jag22624/.m2/repository/com/google/errorprone/error_prone_annotations/2.3.4/error_prone_annotations-2.3.4.jar:/Users/jag22624/.m2/repository/com/google/j2objc/j2objc-annotations/1.3/j2objc-annotations-1.3.jar:/Users/jag22624/.m2/repository/org/apache/sshd/sshd-core/2.7.0/sshd-core-2.7.0.jar:/Users/jag22624/.m2/repository/org/apache/sshd/sshd-common/2.7.0/sshd-common-2.7.0.jar:/Users/jag22624/.m2/repository/org/slf4j/jcl-over-slf4j/1.7.30/jcl-over-slf4j-1.7.30.jar:/Users/jag22624/.m2/repository/org/apache/sshd/sshd-sftp/2.7.0/sshd-sftp-2.7.0.jar:/Users/jag22624/.m2/repository/org/apache/sshd/sshd-scp/2.7.0/sshd-scp-2.7.0.jar:/Users/jag22624/.m2/repository/net/i2p/crypto/eddsa/0.3.0/eddsa-0.3.0.jar:/Users/jag22624/.m2/repository/com/zaxxer/HikariCP/3.3.1/HikariCP-3.3.1.jar:/Users/jag22624/.m2/repository/org/postgresql/postgresql/42.2.6/postgresql-42.2.6.jar:/Users/jag22624/.m2/repository/edu/utexas/tacc/tapis/tapis-shared-api/2.0.7/tapis-shared-api-2.0.7.jar:/Users/jag22624/.m2/repository/edu/utexas/tacc/tapis/tapis-shared-searchlib/2.0.7/tapis-shared-searchlib-2.0.7.jar:/Users/jag22624/.m2/repository/net/java/dev/javacc/javacc/7.0.6/javacc-7.0.6.jar:/Users/jag22624/.m2/repository/org/apache/activemq/activemq-client/5.16.0/activemq-client-5.16.0.jar:/Users/jag22624/.m2/repository/org/apache/geronimo/specs/geronimo-jms_1.1_spec/1.1.1/geronimo-jms_1.1_spec-1.1.1.jar:/Users/jag22624/.m2/repository/org/fusesource/hawtbuf/hawtbuf/1.11/hawtbuf-1.11.jar:/Users/jag22624/.m2/repository/org/apache/geronimo/specs/geronimo-j2ee-management_1.1_spec/1.0.1/geronimo-j2ee-management_1.1_spec-1.0.1.jar:/Users/jag22624/.m2/repository/jakarta/servlet/jakarta.servlet-api/4.0.2/jakarta.servlet-api-4.0.2.jar:/Users/jag22624/.m2/repository/org/glassfish/jersey/containers/jersey-container-servlet/2.34/jersey-container-servlet-2.34.jar:/Users/jag22624/.m2/repository/org/glassfish/jersey/core/jersey-server/2.34/jersey-server-2.34.jar:/Users/jag22624/.m2/repository/org/glassfish/jersey/core/jersey-client/2.34/jersey-client-2.34.jar:/Users/jag22624/.m2/repository/jakarta/validation/jakarta.validation-api/2.0.2/jakarta.validation-api-2.0.2.jar:/Users/jag22624/.m2/repository/jakarta/ws/rs/jakarta.ws.rs-api/2.1.6/jakarta.ws.rs-api-2.1.6.jar:/Users/jag22624/.m2/repository/io/jsonwebtoken/jjwt-api/0.11.2/jjwt-api-0.11.2.jar:/Users/jag22624/.m2/repository/io/jsonwebtoken/jjwt-impl/0.11.2/jjwt-impl-0.11.2.jar:/Users/jag22624/.m2/repository/io/jsonwebtoken/jjwt-jackson/0.11.2/jjwt-jackson-0.11.2.jar:/Users/jag22624/.m2/repository/args4j/args4j/2.33/args4j-2.33.jar:/Users/jag22624/.m2/repository/commons-codec/commons-codec/1.15/commons-codec-1.15.jar:/Users/jag22624/.m2/repository/org/glassfish/jersey/containers/jersey-container-servlet-core/2.34/jersey-container-servlet-core-2.34.jar:/Users/jag22624/.m2/repository/org/glassfish/hk2/external/jakarta.inject/2.6.1/jakarta.inject-2.6.1.jar:/Users/jag22624/.m2/repository/org/glassfish/jersey/inject/jersey-hk2/2.34/jersey-hk2-2.34.jar:/Users/jag22624/.m2/repository/org/glassfish/hk2/hk2-locator/2.6.1/hk2-locator-2.6.1.jar:/Users/jag22624/.m2/repository/org/glassfish/hk2/external/aopalliance-repackaged/2.6.1/aopalliance-repackaged-2.6.1.jar:/Users/jag22624/.m2/repository/org/glassfish/hk2/hk2-api/2.6.1/hk2-api-2.6.1.jar:/Users/jag22624/.m2/repository/org/glassfish/hk2/hk2-utils/2.6.1/hk2-utils-2.6.1.jar:/Users/jag22624/.m2/repository/org/javassist/javassist/3.25.0-GA/javassist-3.25.0-GA.jar:/Users/jag22624/.m2/repository/org/glassfish/jersey/core/jersey-common/2.34/jersey-common-2.34.jar:/Users/jag22624/.m2/repository/jakarta/annotation/jakarta.annotation-api/1.3.5/jakarta.annotation-api-1.3.5.jar:/Users/jag22624/.m2/repository/org/glassfish/hk2/osgi-resource-locator/1.0.3/osgi-resource-locator-1.0.3.jar:/Users/jag22624/.m2/repository/javax/xml/bind/jaxb-api/2.3.1/jaxb-api-2.3.1.jar:/Users/jag22624/.m2/repository/javax/activation/javax.activation-api/1.2.0/javax.activation-api-1.2.0.jar:/Users/jag22624/.m2/repository/com/sun/xml/bind/jaxb-core/2.3.0.1/jaxb-core-2.3.0.1.jar:/Users/jag22624/.m2/repository/com/sun/xml/bind/jaxb-impl/2.3.2/jaxb-impl-2.3.2.jar:/Users/jag22624/.m2/repository/javax/activation/activation/1.1.1/activation-1.1.1.jar:/Users/jag22624/.m2/repository/io/swagger/core/v3/swagger-core/2.0.10/swagger-core-2.0.10.jar:/Users/jag22624/.m2/repository/com/fasterxml/jackson/dataformat/jackson-dataformat-yaml/2.9.10/jackson-dataformat-yaml-2.9.10.jar:/Users/jag22624/.m2/repository/org/yaml/snakeyaml/1.26/snakeyaml-1.26.jar:/Users/jag22624/.m2/repository/io/swagger/core/v3/swagger-models/2.0.10/swagger-models-2.0.10.jar:/Users/jag22624/.m2/repository/javax/validation/validation-api/2.0.1.Final/validation-api-2.0.1.Final.jar:/Users/jag22624/.m2/repository/io/swagger/core/v3/swagger-jaxrs2/2.0.10/swagger-jaxrs2-2.0.10.jar:/Users/jag22624/.m2/repository/io/github/classgraph/classgraph/4.6.32/classgraph-4.6.32.jar:/Users/jag22624/.m2/repository/io/swagger/core/v3/swagger-integration/2.0.10/swagger-integration-2.0.10.jar:/Users/jag22624/.m2/repository/com/fasterxml/jackson/jaxrs/jackson-jaxrs-json-provider/2.9.10/jackson-jaxrs-json-provider-2.9.10.jar:/Users/jag22624/.m2/repository/com/fasterxml/jackson/jaxrs/jackson-jaxrs-base/2.9.10/jackson-jaxrs-base-2.9.10.jar:/Users/jag22624/.m2/repository/com/fasterxml/jackson/module/jackson-module-jaxb-annotations/2.9.10/jackson-module-jaxb-annotations-2.9.10.jar:/Users/jag22624/.m2/repository/io/swagger/core/v3/swagger-annotations/2.0.10/swagger-annotations-2.0.10.jar:/Users/jag22624/.m2/repository/org/glassfish/jersey/test-framework/jersey-test-framework-core/2.34/jersey-test-framework-core-2.34.jar:/Users/jag22624/.m2/repository/jakarta/xml/bind/jakarta.xml.bind-api/2.3.3/jakarta.xml.bind-api-2.3.3.jar:/Users/jag22624/.m2/repository/jakarta/activation/jakarta.activation-api/1.2.2/jakarta.activation-api-1.2.2.jar:/Users/jag22624/.m2/repository/org/glassfish/jersey/media/jersey-media-jaxb/2.34/jersey-media-jaxb-2.34.jar:/Users/jag22624/.m2/repository/org/glassfish/jersey/test-framework/providers/jersey-test-framework-provider-grizzly2/2.34/jersey-test-framework-provider-grizzly2-2.34.jar:/Users/jag22624/.m2/repository/org/glassfish/jersey/containers/jersey-container-grizzly2-http/2.34/jersey-container-grizzly2-http-2.34.jar:/Users/jag22624/.m2/repository/org/glassfish/grizzly/grizzly-http-server/2.4.4/grizzly-http-server-2.4.4.jar:/Users/jag22624/.m2/repository/org/glassfish/grizzly/grizzly-http/2.4.4/grizzly-http-2.4.4.jar:/Users/jag22624/.m2/repository/org/glassfish/grizzly/grizzly-framework/2.4.4/grizzly-framework-2.4.4.jar:/Users/jag22624/.m2/repository/org/glassfish/jersey/containers/jersey-container-grizzly2-servlet/2.34/jersey-container-grizzly2-servlet-2.34.jar:/Users/jag22624/.m2/repository/org/glassfish/grizzly/grizzly-http-servlet/2.4.4/grizzly-http-servlet-2.4.4.jar:/Users/jag22624/.m2/repository/edu/utexas/tacc/tapis/security-client/2.0.10-SNAPSHOT/security-client-2.0.10-SNAPSHOT.jar:/Users/jag22624/.m2/repository/edu/utexas/tacc/tapis/shared-clientlib/2.0.10-SNAPSHOT/shared-clientlib-2.0.10-SNAPSHOT.jar:/Users/jag22624/.m2/repository/junit/junit/4.13.1/junit-4.13.1.jar:/Users/jag22624/.m2/repository/org/hamcrest/hamcrest-core/1.3/hamcrest-core-1.3.jar:/Users/jag22624/.m2/repository/com/google/code/findbugs/jsr305/3.0.2/jsr305-3.0.2.jar:/Users/jag22624/.m2/repository/com/squareup/okhttp3/okhttp/4.2.2/okhttp-4.2.2.jar:/Users/jag22624/.m2/repository/com/squareup/okio/okio/2.2.2/okio-2.2.2.jar:/Users/jag22624/.m2/repository/org/jetbrains/kotlin/kotlin-stdlib/1.3.50/kotlin-stdlib-1.3.50.jar:/Users/jag22624/.m2/repository/org/jetbrains/kotlin/kotlin-stdlib-common/1.3.50/kotlin-stdlib-common-1.3.50.jar:/Users/jag22624/.m2/repository/org/jetbrains/annotations/13.0/annotations-13.0.jar:/Users/jag22624/.m2/repository/com/squareup/okhttp3/logging-interceptor/4.2.2/logging-interceptor-4.2.2.jar:/Users/jag22624/.m2/repository/io/gsonfire/gson-fire/1.8.3/gson-fire-1.8.3.jar:/Users/jag22624/.m2/repository/org/threeten/threetenbp/1.3.5/threetenbp-1.3.5.jar:/Users/jag22624/.m2/repository/javax/annotation/javax.annotation-api/1.3.2/javax.annotation-api-1.3.2.jar:/Users/jag22624/.m2/repository/io/swagger/swagger-annotations/1.5.24/swagger-annotations-1.5.24.jar:/Users/jag22624/.m2/repository/edu/utexas/tacc/tapis/apps-client/2.0.10-SNAPSHOT/apps-client-2.0.10-SNAPSHOT.jar:/Users/jag22624/.m2/repository/edu/utexas/tacc/tapis/jobs-client/2.0.10-SNAPSHOT/jobs-client-2.0.10-SNAPSHOT.jar:/Users/jag22624/.m2/repository/org/testng/testng/6.14.3/testng-6.14.3.jar:/Users/jag22624/.m2/repository/com/beust/jcommander/1.72/jcommander-1.72.jar:/Users/jag22624/.m2/repository/org/apache-extras/beanshell/bsh/2.0b6/bsh-2.0b6.jar:/Users/jag22624/.m2/repository/org/mockito/mockito-core/3.0.0/mockito-core-3.0.0.jar:/Users/jag22624/.m2/repository/net/bytebuddy/byte-buddy/1.9.10/byte-buddy-1.9.10.jar:/Users/jag22624/.m2/repository/net/bytebuddy/byte-buddy-agent/1.9.10/byte-buddy-agent-1.9.10.jar:/Users/jag22624/.m2/repository/org/objenesis/objenesis/2.6/objenesis-2.6.jar:"/>
    <property name="java.vm.vendor" value="Oracle Corporation"/>
    <property name="sun.arch.data.model" value="64"/>
    <property name="java.vendor.url" value="https://java.oracle.com/"/>
    <property name="os.name" value="Mac OS X"/>
    <property name="java.vm.specification.version" value="15"/>
    <property name="sun.java.launcher" value="SUN_STANDARD"/>
    <property name="user.country" value="US"/>
    <property name="sun.boot.library.path" value="/Users/jag22624/Desktop/pkgs/jdk-15.0.2.jdk/Contents/Home/lib"/>
    <property name="sun.java.command" value="/Users/jag22624/Desktop/git/tapis-shared-java/tapis-shared-cmd/target/surefire/surefirebooter7189669683601225232.jar /Users/jag22624/Desktop/git/tapis-shared-java/tapis-shared-cmd/target/surefire 2021-09-09T10-48-28_418-jvmRun1 surefire9952400428830814172tmp surefire_414803201371369504853tmp"/>
    <property name="http.nonProxyHosts" value="local|*.local|169.254/16|*.169.254/16"/>
    <property name="jdk.debug" value="release"/>
    <property name="surefire.test.class.path" value="/Users/jag22624/Desktop/git/tapis-shared-java/tapis-shared-cmd/target/test-classes:/Users/jag22624/Desktop/git/tapis-shared-java/tapis-shared-cmd/target/classes:/Users/jag22624/.m2/repository/edu/utexas/tacc/tapis/tapis-shared-lib/2.0.7/tapis-shared-lib-2.0.7.jar:/Users/jag22624/.m2/repository/edu/utexas/tacc/tapis/tenants-client/2.0.10-SNAPSHOT/tenants-client-2.0.10-SNAPSHOT.jar:/Users/jag22624/.m2/repository/edu/utexas/tacc/tapis/tokens-client/2.0.10-SNAPSHOT/tokens-client-2.0.10-SNAPSHOT.jar:/Users/jag22624/.m2/repository/edu/utexas/tacc/tapis/systems-client/2.0.10-SNAPSHOT/systems-client-2.0.10-SNAPSHOT.jar:/Users/jag22624/.m2/repository/edu/utexas/tacc/tapis/auth-client/2.0.10-SNAPSHOT/auth-client-2.0.10-SNAPSHOT.jar:/Users/jag22624/.m2/repository/edu/utexas/tacc/tapis/meta-client/2.0.10-SNAPSHOT/meta-client-2.0.10-SNAPSHOT.jar:/Users/jag22624/.m2/repository/edu/utexas/tacc/tapis/files-client/2.0.10-SNAPSHOT/files-client-2.0.10-SNAPSHOT.jar:/Users/jag22624/.m2/repository/edu/utexas/tacc/tapis/notifications-client/2.0.10-SNAPSHOT/notifications-client-2.0.10-SNAPSHOT.jar:/Users/jag22624/.m2/repository/com/fasterxml/jackson/core/jackson-databind/2.12.1/jackson-databind-2.12.1.jar:/Users/jag22624/.m2/repository/com/fasterxml/jackson/core/jackson-annotations/2.12.1/jackson-annotations-2.12.1.jar:/Users/jag22624/.m2/repository/com/fasterxml/jackson/core/jackson-core/2.12.1/jackson-core-2.12.1.jar:/Users/jag22624/.m2/repository/com/fasterxml/jackson/datatype/jackson-datatype-jsr310/2.12.1/jackson-datatype-jsr310-2.12.1.jar:/Users/jag22624/.m2/repository/ch/qos/logback/logback-classic/1.2.3/logback-classic-1.2.3.jar:/Users/jag22624/.m2/repository/ch/qos/logback/logback-core/1.2.3/logback-core-1.2.3.jar:/Users/jag22624/.m2/repository/org/slf4j/slf4j-api/1.7.25/slf4j-api-1.7.25.jar:/Users/jag22624/.m2/repository/org/apache/commons/commons-lang3/3.12.0/commons-lang3-3.12.0.jar:/Users/jag22624/.m2/repository/com/google/code/gson/gson/2.8.6/gson-2.8.6.jar:/Users/jag22624/.m2/repository/commons-io/commons-io/2.9.0/commons-io-2.9.0.jar:/Users/jag22624/.m2/repository/com/sun/mail/javax.mail/1.6.2/javax.mail-1.6.2.jar:/Users/jag22624/.m2/repository/com/github/everit-org/json-schema/org.everit.json.schema/1.12.1/org.everit.json.schema-1.12.1.jar:/Users/jag22624/.m2/repository/org/json/json/20190722/json-20190722.jar:/Users/jag22624/.m2/repository/commons-validator/commons-validator/1.6/commons-validator-1.6.jar:/Users/jag22624/.m2/repository/commons-digester/commons-digester/1.8.1/commons-digester-1.8.1.jar:/Users/jag22624/.m2/repository/commons-logging/commons-logging/1.2/commons-logging-1.2.jar:/Users/jag22624/.m2/repository/commons-collections/commons-collections/3.2.2/commons-collections-3.2.2.jar:/Users/jag22624/.m2/repository/com/damnhandy/handy-uri-templates/2.1.8/handy-uri-templates-2.1.8.jar:/Users/jag22624/.m2/repository/joda-time/joda-time/2.10.2/joda-time-2.10.2.jar:/Users/jag22624/.m2/repository/com/google/re2j/re2j/1.3/re2j-1.3.jar:/Users/jag22624/.m2/repository/com/google/guava/guava/30.0-jre/guava-30.0-jre.jar:/Users/jag22624/.m2/repository/com/google/guava/failureaccess/1.0.1/failureaccess-1.0.1.jar:/Users/jag22624/.m2/repository/com/google/guava/listenablefuture/9999.0-empty-to-avoid-conflict-with-guava/listenablefuture-9999.0-empty-to-avoid-conflict-with-guava.jar:/Users/jag22624/.m2/repository/org/checkerframework/checker-qual/3.5.0/checker-qual-3.5.0.jar:/Users/jag22624/.m2/repository/com/google/errorprone/error_prone_annotations/2.3.4/error_prone_annotations-2.3.4.jar:/Users/jag22624/.m2/repository/com/google/j2objc/j2objc-annotations/1.3/j2objc-annotations-1.3.jar:/Users/jag22624/.m2/repository/org/apache/sshd/sshd-core/2.7.0/sshd-core-2.7.0.jar:/Users/jag22624/.m2/repository/org/apache/sshd/sshd-common/2.7.0/sshd-common-2.7.0.jar:/Users/jag22624/.m2/repository/org/slf4j/jcl-over-slf4j/1.7.30/jcl-over-slf4j-1.7.30.jar:/Users/jag22624/.m2/repository/org/apache/sshd/sshd-sftp/2.7.0/sshd-sftp-2.7.0.jar:/Users/jag22624/.m2/repository/org/apache/sshd/sshd-scp/2.7.0/sshd-scp-2.7.0.jar:/Users/jag22624/.m2/repository/net/i2p/crypto/eddsa/0.3.0/eddsa-0.3.0.jar:/Users/jag22624/.m2/repository/com/zaxxer/HikariCP/3.3.1/HikariCP-3.3.1.jar:/Users/jag22624/.m2/repository/org/postgresql/postgresql/42.2.6/postgresql-42.2.6.jar:/Users/jag22624/.m2/repository/edu/utexas/tacc/tapis/tapis-shared-api/2.0.7/tapis-shared-api-2.0.7.jar:/Users/jag22624/.m2/repository/edu/utexas/tacc/tapis/tapis-shared-searchlib/2.0.7/tapis-shared-searchlib-2.0.7.jar:/Users/jag22624/.m2/repository/net/java/dev/javacc/javacc/7.0.6/javacc-7.0.6.jar:/Users/jag22624/.m2/repository/org/apache/activemq/activemq-client/5.16.0/activemq-client-5.16.0.jar:/Users/jag22624/.m2/repository/org/apache/geronimo/specs/geronimo-jms_1.1_spec/1.1.1/geronimo-jms_1.1_spec-1.1.1.jar:/Users/jag22624/.m2/repository/org/fusesource/hawtbuf/hawtbuf/1.11/hawtbuf-1.11.jar:/Users/jag22624/.m2/repository/org/apache/geronimo/specs/geronimo-j2ee-management_1.1_spec/1.0.1/geronimo-j2ee-management_1.1_spec-1.0.1.jar:/Users/jag22624/.m2/repository/jakarta/servlet/jakarta.servlet-api/4.0.2/jakarta.servlet-api-4.0.2.jar:/Users/jag22624/.m2/repository/org/glassfish/jersey/containers/jersey-container-servlet/2.34/jersey-container-servlet-2.34.jar:/Users/jag22624/.m2/repository/org/glassfish/jersey/core/jersey-server/2.34/jersey-server-2.34.jar:/Users/jag22624/.m2/repository/org/glassfish/jersey/core/jersey-client/2.34/jersey-client-2.34.jar:/Users/jag22624/.m2/repository/jakarta/validation/jakarta.validation-api/2.0.2/jakarta.validation-api-2.0.2.jar:/Users/jag22624/.m2/repository/jakarta/ws/rs/jakarta.ws.rs-api/2.1.6/jakarta.ws.rs-api-2.1.6.jar:/Users/jag22624/.m2/repository/io/jsonwebtoken/jjwt-api/0.11.2/jjwt-api-0.11.2.jar:/Users/jag22624/.m2/repository/io/jsonwebtoken/jjwt-impl/0.11.2/jjwt-impl-0.11.2.jar:/Users/jag22624/.m2/repository/io/jsonwebtoken/jjwt-jackson/0.11.2/jjwt-jackson-0.11.2.jar:/Users/jag22624/.m2/repository/args4j/args4j/2.33/args4j-2.33.jar:/Users/jag22624/.m2/repository/commons-codec/commons-codec/1.15/commons-codec-1.15.jar:/Users/jag22624/.m2/repository/org/glassfish/jersey/containers/jersey-container-servlet-core/2.34/jersey-container-servlet-core-2.34.jar:/Users/jag22624/.m2/repository/org/glassfish/hk2/external/jakarta.inject/2.6.1/jakarta.inject-2.6.1.jar:/Users/jag22624/.m2/repository/org/glassfish/jersey/inject/jersey-hk2/2.34/jersey-hk2-2.34.jar:/Users/jag22624/.m2/repository/org/glassfish/hk2/hk2-locator/2.6.1/hk2-locator-2.6.1.jar:/Users/jag22624/.m2/repository/org/glassfish/hk2/external/aopalliance-repackaged/2.6.1/aopalliance-repackaged-2.6.1.jar:/Users/jag22624/.m2/repository/org/glassfish/hk2/hk2-api/2.6.1/hk2-api-2.6.1.jar:/Users/jag22624/.m2/repository/org/glassfish/hk2/hk2-utils/2.6.1/hk2-utils-2.6.1.jar:/Users/jag22624/.m2/repository/org/javassist/javassist/3.25.0-GA/javassist-3.25.0-GA.jar:/Users/jag22624/.m2/repository/org/glassfish/jersey/core/jersey-common/2.34/jersey-common-2.34.jar:/Users/jag22624/.m2/repository/jakarta/annotation/jakarta.annotation-api/1.3.5/jakarta.annotation-api-1.3.5.jar:/Users/jag22624/.m2/repository/org/glassfish/hk2/osgi-resource-locator/1.0.3/osgi-resource-locator-1.0.3.jar:/Users/jag22624/.m2/repository/javax/xml/bind/jaxb-api/2.3.1/jaxb-api-2.3.1.jar:/Users/jag22624/.m2/repository/javax/activation/javax.activation-api/1.2.0/javax.activation-api-1.2.0.jar:/Users/jag22624/.m2/repository/com/sun/xml/bind/jaxb-core/2.3.0.1/jaxb-core-2.3.0.1.jar:/Users/jag22624/.m2/repository/com/sun/xml/bind/jaxb-impl/2.3.2/jaxb-impl-2.3.2.jar:/Users/jag22624/.m2/repository/javax/activation/activation/1.1.1/activation-1.1.1.jar:/Users/jag22624/.m2/repository/io/swagger/core/v3/swagger-core/2.0.10/swagger-core-2.0.10.jar:/Users/jag22624/.m2/repository/com/fasterxml/jackson/dataformat/jackson-dataformat-yaml/2.9.10/jackson-dataformat-yaml-2.9.10.jar:/Users/jag22624/.m2/repository/org/yaml/snakeyaml/1.26/snakeyaml-1.26.jar:/Users/jag22624/.m2/repository/io/swagger/core/v3/swagger-models/2.0.10/swagger-models-2.0.10.jar:/Users/jag22624/.m2/repository/javax/validation/validation-api/2.0.1.Final/validation-api-2.0.1.Final.jar:/Users/jag22624/.m2/repository/io/swagger/core/v3/swagger-jaxrs2/2.0.10/swagger-jaxrs2-2.0.10.jar:/Users/jag22624/.m2/repository/io/github/classgraph/classgraph/4.6.32/classgraph-4.6.32.jar:/Users/jag22624/.m2/repository/io/swagger/core/v3/swagger-integration/2.0.10/swagger-integration-2.0.10.jar:/Users/jag22624/.m2/repository/com/fasterxml/jackson/jaxrs/jackson-jaxrs-json-provider/2.9.10/jackson-jaxrs-json-provider-2.9.10.jar:/Users/jag22624/.m2/repository/com/fasterxml/jackson/jaxrs/jackson-jaxrs-base/2.9.10/jackson-jaxrs-base-2.9.10.jar:/Users/jag22624/.m2/repository/com/fasterxml/jackson/module/jackson-module-jaxb-annotations/2.9.10/jackson-module-jaxb-annotations-2.9.10.jar:/Users/jag22624/.m2/repository/io/swagger/core/v3/swagger-annotations/2.0.10/swagger-annotations-2.0.10.jar:/Users/jag22624/.m2/repository/org/glassfish/jersey/test-framework/jersey-test-framework-core/2.34/jersey-test-framework-core-2.34.jar:/Users/jag22624/.m2/repository/jakarta/xml/bind/jakarta.xml.bind-api/2.3.3/jakarta.xml.bind-api-2.3.3.jar:/Users/jag22624/.m2/repository/jakarta/activation/jakarta.activation-api/1.2.2/jakarta.activation-api-1.2.2.jar:/Users/jag22624/.m2/repository/org/glassfish/jersey/media/jersey-media-jaxb/2.34/jersey-media-jaxb-2.34.jar:/Users/jag22624/.m2/repository/org/glassfish/jersey/test-framework/providers/jersey-test-framework-provider-grizzly2/2.34/jersey-test-framework-provider-grizzly2-2.34.jar:/Users/jag22624/.m2/repository/org/glassfish/jersey/containers/jersey-container-grizzly2-http/2.34/jersey-container-grizzly2-http-2.34.jar:/Users/jag22624/.m2/repository/org/glassfish/grizzly/grizzly-http-server/2.4.4/grizzly-http-server-2.4.4.jar:/Users/jag22624/.m2/repository/org/glassfish/grizzly/grizzly-http/2.4.4/grizzly-http-2.4.4.jar:/Users/jag22624/.m2/repository/org/glassfish/grizzly/grizzly-framework/2.4.4/grizzly-framework-2.4.4.jar:/Users/jag22624/.m2/repository/org/glassfish/jersey/containers/jersey-container-grizzly2-servlet/2.34/jersey-container-grizzly2-servlet-2.34.jar:/Users/jag22624/.m2/repository/org/glassfish/grizzly/grizzly-http-servlet/2.4.4/grizzly-http-servlet-2.4.4.jar:/Users/jag22624/.m2/repository/edu/utexas/tacc/tapis/security-client/2.0.10-SNAPSHOT/security-client-2.0.10-SNAPSHOT.jar:/Users/jag22624/.m2/repository/edu/utexas/tacc/tapis/shared-clientlib/2.0.10-SNAPSHOT/shared-clientlib-2.0.10-SNAPSHOT.jar:/Users/jag22624/.m2/repository/junit/junit/4.13.1/junit-4.13.1.jar:/Users/jag22624/.m2/repository/org/hamcrest/hamcrest-core/1.3/hamcrest-core-1.3.jar:/Users/jag22624/.m2/repository/com/google/code/findbugs/jsr305/3.0.2/jsr305-3.0.2.jar:/Users/jag22624/.m2/repository/com/squareup/okhttp3/okhttp/4.2.2/okhttp-4.2.2.jar:/Users/jag22624/.m2/repository/com/squareup/okio/okio/2.2.2/okio-2.2.2.jar:/Users/jag22624/.m2/repository/org/jetbrains/kotlin/kotlin-stdlib/1.3.50/kotlin-stdlib-1.3.50.jar:/Users/jag22624/.m2/repository/org/jetbrains/kotlin/kotlin-stdlib-common/1.3.50/kotlin-stdlib-common-1.3.50.jar:/Users/jag22624/.m2/repository/org/jetbrains/annotations/13.0/annotations-13.0.jar:/Users/jag22624/.m2/repository/com/squareup/okhttp3/logging-interceptor/4.2.2/logging-interceptor-4.2.2.jar:/Users/jag22624/.m2/repository/io/gsonfire/gson-fire/1.8.3/gson-fire-1.8.3.jar:/Users/jag22624/.m2/repository/org/threeten/threetenbp/1.3.5/threetenbp-1.3.5.jar:/Users/jag22624/.m2/repository/javax/annotation/javax.annotation-api/1.3.2/javax.annotation-api-1.3.2.jar:/Users/jag22624/.m2/repository/io/swagger/swagger-annotations/1.5.24/swagger-annotations-1.5.24.jar:/Users/jag22624/.m2/repository/edu/utexas/tacc/tapis/apps-client/2.0.10-SNAPSHOT/apps-client-2.0.10-SNAPSHOT.jar:/Users/jag22624/.m2/repository/edu/utexas/tacc/tapis/jobs-client/2.0.10-SNAPSHOT/jobs-client-2.0.10-SNAPSHOT.jar:/Users/jag22624/.m2/repository/org/testng/testng/6.14.3/testng-6.14.3.jar:/Users/jag22624/.m2/repository/com/beust/jcommander/1.72/jcommander-1.72.jar:/Users/jag22624/.m2/repository/org/apache-extras/beanshell/bsh/2.0b6/bsh-2.0b6.jar:/Users/jag22624/.m2/repository/org/mockito/mockito-core/3.0.0/mockito-core-3.0.0.jar:/Users/jag22624/.m2/repository/net/bytebuddy/byte-buddy/1.9.10/byte-buddy-1.9.10.jar:/Users/jag22624/.m2/repository/net/bytebuddy/byte-buddy-agent/1.9.10/byte-buddy-agent-1.9.10.jar:/Users/jag22624/.m2/repository/org/objenesis/objenesis/2.6/objenesis-2.6.jar:"/>
    <property name="sun.cpu.endian" value="little"/>
    <property name="user.home" value="/Users/jag22624"/>
    <property name="user.language" value="en"/>
    <property name="java.specification.vendor" value="Oracle Corporation"/>
    <property name="java.version.date" value="2021-01-19"/>
    <property name="java.home" value="/Users/jag22624/Desktop/pkgs/jdk-15.0.2.jdk/Contents/Home"/>
    <property name="file.separator" value="/"/>
    <property name="basedir" value="/Users/jag22624/Desktop/git/tapis-shared-java/tapis-shared-cmd"/>
    <property name="java.vm.compressedOopsMode" value="Zero based"/>
    <property name="line.separator" value="&#10;"/>
    <property name="java.specification.name" value="Java Platform API Specification"/>
    <property name="java.vm.specification.vendor" value="Oracle Corporation"/>
    <property name="surefire.real.class.path" value="/Users/jag22624/Desktop/git/tapis-shared-java/tapis-shared-cmd/target/surefire/surefirebooter7189669683601225232.jar"/>
    <property name="sun.management.compiler" value="HotSpot 64-Bit Tiered Compilers"/>
    <property name="ftp.nonProxyHosts" value="local|*.local|169.254/16|*.169.254/16"/>
    <property name="java.runtime.version" value="15.0.2+7-27"/>
    <property name="user.name" value="jag22624"/>
    <property name="path.separator" value=":"/>
    <property name="os.version" value="10.16"/>
    <property name="java.runtime.name" value="OpenJDK Runtime Environment"/>
    <property name="file.encoding" value="UTF-8"/>
    <property name="java.vm.name" value="OpenJDK 64-Bit Server VM"/>
    <property name="localRepository" value="/Users/jag22624/.m2/repository"/>
    <property name="java.vendor.url.bug" value="https://bugreport.java.com/bugreport/"/>
    <property name="java.io.tmpdir" value="/var/folders/0j/7bjg2t7x29gbzlj7jlb1vjc40000gp/T/"/>
    <property name="java.version" value="15.0.2"/>
    <property name="user.dir" value="/Users/jag22624/Desktop/git/tapis-shared-java/tapis-shared-cmd"/>
    <property name="os.arch" value="x86_64"/>
    <property name="java.vm.specification.name" value="Java Virtual Machine Specification"/>
    <property name="java.library.path" value="/Users/jag22624/Library/Java/Extensions:/Library/Java/Extensions:/Network/Library/Java/Extensions:/System/Library/Java/Extensions:/usr/lib/java:."/>
    <property name="java.vm.info" value="mixed mode, sharing"/>
    <property name="java.vendor" value="Oracle Corporation"/>
    <property name="java.vm.version" value="15.0.2+7-27"/>
    <property name="sun.io.unicode.encoding" value="UnicodeBig"/>
    <property name="socksNonProxyHosts" value="local|*.local|169.254/16|*.169.254/16"/>
    <property name="java.class.version" value="59.0"/>
  </properties>
</testsuite>